[  5564.355] (WW) Failed to open protocol names file lib/xorg/protocol.txt
[  5564.357] 
X.Org X Server 1.20.7
X Protocol Version 11, Revision 0
[  5564.362] Build Operating System: Linux Arch Linux
[  5564.363] Current Operating System: Linux LuizSampaio-PC 5.5.5-arch1-1 #1 SMP PREEMPT Thu, 20 Feb 2020 18:23:09 +0000 x86_64
[  5564.363] Kernel command line: BOOT_IMAGE=/boot/vmlinuz-linux root=UUID=c29971a7-859e-4cb2-aac7-5933adc69bf0 rw loglevel=3 quiet
[  5564.365] Build Date: 14 January 2020  07:13:52AM
[  5564.366]  
[  5564.367] Current version of pixman: 0.38.4
[  5564.369] 	Before reporting problems, check http://wiki.x.org
	to make sure that you have the latest version.
[  5564.369] Markers: (--) probed, (**) from config file, (==) default setting,
	(++) from command line, (!!) notice, (II) informational,
	(WW) warning, (EE) error, (NI) not implemented, (??) unknown.
[  5564.374] (==) Log file: "/home/luiz-sampaio/.local/share/xorg/Xorg.0.log", Time: Wed Feb 26 01:11:25 2020
[  5564.375] (==) Using config directory: "/etc/X11/xorg.conf.d"
[  5564.377] (==) Using system config directory "/usr/share/X11/xorg.conf.d"
[  5564.377] (==) No Layout section.  Using the first Screen section.
[  5564.377] (==) No screen section available. Using defaults.
[  5564.377] (**) |-->Screen "Default Screen Section" (0)
[  5564.377] (**) |   |-->Monitor "<default monitor>"
[  5564.377] (==) No monitor specified for screen "Default Screen Section".
	Using a default monitor configuration.
[  5564.377] (==) Automatically adding devices
[  5564.377] (==) Automatically enabling devices
[  5564.377] (==) Automatically adding GPU devices
[  5564.377] (==) Automatically binding GPU devices
[  5564.377] (==) Max clients allowed: 256, resource mask: 0x1fffff
[  5564.377] (WW) `fonts.dir' not found (or not valid) in "/usr/share/fonts/misc".
[  5564.377] 	Entry deleted from font path.
[  5564.377] 	(Run 'mkfontdir' on "/usr/share/fonts/misc").
[  5564.377] (WW) The directory "/usr/share/fonts/TTF" does not exist.
[  5564.377] 	Entry deleted from font path.
[  5564.377] (WW) The directory "/usr/share/fonts/OTF" does not exist.
[  5564.377] 	Entry deleted from font path.
[  5564.377] (WW) The directory "/usr/share/fonts/Type1" does not exist.
[  5564.377] 	Entry deleted from font path.
[  5564.377] (==) FontPath set to:
	/usr/share/fonts/100dpi,
	/usr/share/fonts/75dpi
[  5564.377] (==) ModulePath set to "/usr/lib/xorg/modules"
[  5564.377] (II) The server relies on udev to provide the list of input devices.
	If no devices become available, reconfigure udev or disable AutoAddDevices.
[  5564.377] (II) Module ABI versions:
[  5564.377] 	X.Org ANSI C Emulation: 0.4
[  5564.377] 	X.Org Video Driver: 24.1
[  5564.377] 	X.Org XInput driver : 24.1
[  5564.377] 	X.Org Server Extension : 10.0
[  5564.378] (++) using VT number 1

[  5564.379] (II) systemd-logind: took control of session /org/freedesktop/login1/session/_31
[  5564.380] (II) xfree86: Adding drm device (/dev/dri/card0)
[  5564.381] (II) systemd-logind: got fd for /dev/dri/card0 226:0 fd 10 paused 0
[  5564.381] (II) xfree86: Adding drm device (/dev/dri/card1)
[  5564.382] (II) systemd-logind: got fd for /dev/dri/card1 226:1 fd 11 paused 0
[  5564.383] (--) PCI:*(0@0:2:0) 8086:0a16:1028:0652 rev 11, Mem @ 0xf7400000/4194304, 0xd0000000/268435456, I/O @ 0x0000f000/64, BIOS @ 0x????????/131072
[  5564.383] (--) PCI: (8@0:0:0) 10de:1140:1028:0652 rev 161, Mem @ 0xf6000000/16777216, 0xe0000000/268435456, 0xf0000000/33554432, I/O @ 0x0000d000/128, BIOS @ 0x????????/524288
[  5564.383] (WW) Open ACPI failed (/var/run/acpid.socket) (No such file or directory)
[  5564.383] (II) LoadModule: "glx"
[  5564.384] (II) Loading /usr/lib/xorg/modules/extensions/libglx.so
[  5564.385] (II) Module glx: vendor="X.Org Foundation"
[  5564.385] 	compiled for 1.20.7, module version = 1.0.0
[  5564.385] 	ABI class: X.Org Server Extension, version 10.0
[  5564.385] (==) Matched intel as autoconfigured driver 0
[  5564.385] (==) Matched nouveau as autoconfigured driver 1
[  5564.385] (==) Matched nv as autoconfigured driver 2
[  5564.385] (==) Matched modesetting as autoconfigured driver 3
[  5564.385] (==) Matched fbdev as autoconfigured driver 4
[  5564.385] (==) Matched vesa as autoconfigured driver 5
[  5564.385] (==) Assigned the driver to the xf86ConfigLayout
[  5564.385] (II) LoadModule: "intel"
[  5564.385] (WW) Warning, couldn't open module intel
[  5564.385] (EE) Failed to load module "intel" (module does not exist, 0)
[  5564.385] (II) LoadModule: "nouveau"
[  5564.385] (II) Loading /usr/lib/xorg/modules/drivers/nouveau_drv.so
[  5564.385] (II) Module nouveau: vendor="X.Org Foundation"
[  5564.385] 	compiled for 1.20.3, module version = 1.0.16
[  5564.385] 	Module class: X.Org Video Driver
[  5564.385] 	ABI class: X.Org Video Driver, version 24.0
[  5564.385] (II) LoadModule: "nv"
[  5564.385] (WW) Warning, couldn't open module nv
[  5564.385] (EE) Failed to load module "nv" (module does not exist, 0)
[  5564.385] (II) LoadModule: "modesetting"
[  5564.385] (II) Loading /usr/lib/xorg/modules/drivers/modesetting_drv.so
[  5564.386] (II) Module modesetting: vendor="X.Org Foundation"
[  5564.386] 	compiled for 1.20.7, module version = 1.20.7
[  5564.386] 	Module class: X.Org Video Driver
[  5564.386] 	ABI class: X.Org Video Driver, version 24.1
[  5564.386] (II) LoadModule: "fbdev"
[  5564.386] (WW) Warning, couldn't open module fbdev
[  5564.386] (EE) Failed to load module "fbdev" (module does not exist, 0)
[  5564.386] (II) LoadModule: "vesa"
[  5564.386] (II) Loading /usr/lib/xorg/modules/drivers/vesa_drv.so
[  5564.386] (II) Module vesa: vendor="X.Org Foundation"
[  5564.386] 	compiled for 1.20.0, module version = 2.4.0
[  5564.386] 	Module class: X.Org Video Driver
[  5564.386] 	ABI class: X.Org Video Driver, version 24.0
[  5564.386] (II) NOUVEAU driver 
[  5564.386] (II) NOUVEAU driver for NVIDIA chipset families :
[  5564.386] 	RIVA TNT            (NV04)
[  5564.386] 	RIVA TNT2           (NV05)
[  5564.386] 	GeForce 256         (NV10)
[  5564.386] 	GeForce 2           (NV11, NV15)
[  5564.386] 	GeForce 4MX         (NV17, NV18)
[  5564.386] 	GeForce 3           (NV20)
[  5564.386] 	GeForce 4Ti         (NV25, NV28)
[  5564.386] 	GeForce FX          (NV3x)
[  5564.386] 	GeForce 6           (NV4x)
[  5564.386] 	GeForce 7           (G7x)
[  5564.386] 	GeForce 8           (G8x)
[  5564.386] 	GeForce 9           (G9x)
[  5564.386] 	GeForce GTX 2xx/3xx (GT2xx)
[  5564.386] 	GeForce GTX 4xx/5xx (GFxxx)
[  5564.386] 	GeForce GTX 6xx/7xx (GKxxx)
[  5564.386] 	GeForce GTX 9xx     (GMxxx)
[  5564.386] 	GeForce GTX 10xx    (GPxxx)
[  5564.386] (II) modesetting: Driver for Modesetting Kernel Drivers: kms
[  5564.386] (II) VESA: driver for VESA chipsets: vesa
[  5564.386] xf86EnableIOPorts: failed to set IOPL for I/O (Operation not permitted)
[  5564.386] (II) modeset(0): using drv /dev/dri/card0
[  5564.386] (II) [drm] nouveau interface version: 1.3.1
[  5564.386] (WW) VGA arbiter: cannot open kernel arbiter, no multi-card support
[  5564.386] (II) modeset(0): Creating default Display subsection in Screen section
	"Default Screen Section" for depth/fbbpp 24/32
[  5564.386] (==) modeset(0): Depth 24, (==) framebuffer bpp 32
[  5564.386] (==) modeset(0): RGB weight 888
[  5564.386] (==) modeset(0): Default visual is TrueColor
[  5564.387] (II) Loading sub module "glamoregl"
[  5564.387] (II) LoadModule: "glamoregl"
[  5564.387] (II) Loading /usr/lib/xorg/modules/libglamoregl.so
[  5564.390] (II) Module glamoregl: vendor="X.Org Foundation"
[  5564.390] 	compiled for 1.20.7, module version = 1.0.1
[  5564.390] 	ABI class: X.Org ANSI C Emulation, version 0.4
[  5564.403] (II) modeset(0): glamor X acceleration enabled on Mesa DRI Intel(R) Haswell Mobile 
[  5564.403] (II) modeset(0): glamor initialized
[  5564.404] (II) modeset(0): Output eDP-1 has no monitor section
[  5564.406] (II) modeset(0): Output HDMI-1 has no monitor section
[  5564.406] (II) modeset(0): EDID for output eDP-1
[  5564.406] (II) modeset(0): Manufacturer: LGD  Model: 458  Serial#: 0
[  5564.406] (II) modeset(0): Year: 2014  Week: 0
[  5564.406] (II) modeset(0): EDID Version: 1.4
[  5564.406] (II) modeset(0): Digital Display Input
[  5564.406] (II) modeset(0): 6 bits per channel
[  5564.406] (II) modeset(0): Digital interface is DisplayPort
[  5564.406] (II) modeset(0): Max Image Size [cm]: horiz.: 31  vert.: 17
[  5564.406] (II) modeset(0): Gamma: 2.20
[  5564.406] (II) modeset(0): DPMS capabilities: StandBy Suspend Off
[  5564.406] (II) modeset(0): Supported color encodings: RGB 4:4:4 YCrCb 4:4:4 
[  5564.406] (II) modeset(0): First detailed timing is preferred mode
[  5564.406] (II) modeset(0): Preferred mode is native pixel format and refresh rate
[  5564.406] (II) modeset(0): redX: 0.585 redY: 0.350   greenX: 0.330 greenY: 0.565
[  5564.406] (II) modeset(0): blueX: 0.155 blueY: 0.120   whiteX: 0.313 whiteY: 0.329
[  5564.406] (II) modeset(0): Manufacturer's mask: 0
[  5564.406] (II) modeset(0): Supported detailed timing:
[  5564.406] (II) modeset(0): clock: 76.3 MHz   Image Size:  310 x 174 mm
[  5564.406] (II) modeset(0): h_active: 1366  h_sync: 1414  h_sync_end 1446 h_blank_end 1610 h_border: 0
[  5564.406] (II) modeset(0): v_active: 768  v_sync: 771  v_sync_end 776 v_blanking: 790 v_border: 0
[  5564.407] (II) modeset(0): Supported detailed timing:
[  5564.407] (II) modeset(0): clock: 76.3 MHz   Image Size:  310 x 174 mm
[  5564.407] (II) modeset(0): h_active: 1366  h_sync: 1414  h_sync_end 1446 h_blank_end 2012 h_border: 0
[  5564.407] (II) modeset(0): v_active: 768  v_sync: 771  v_sync_end 776 v_blanking: 790 v_border: 0
[  5564.407] (II) modeset(0):  NGFY3€140WH8
[  5564.407] (II) modeset(0): Unknown vendor-specific block 0
[  5564.407] (II) modeset(0): EDID (in hex):
[  5564.407] (II) modeset(0): 	00ffffffffffff0030e4580400000000
[  5564.407] (II) modeset(0): 	00180104951f1178eaebf59559549027
[  5564.407] (II) modeset(0): 	1e505400000001010101010101010101
[  5564.407] (II) modeset(0): 	010101010101d01d56f4500016303020
[  5564.407] (II) modeset(0): 	350036ae10000019d01d568652001630
[  5564.407] (II) modeset(0): 	3020350036ae10000019000000fe004e
[  5564.407] (II) modeset(0): 	47465933803134305748380a00000000
[  5564.407] (II) modeset(0): 	00004131940110000009010a2020008f
[  5564.407] (II) modeset(0): Printing probed modes for output eDP-1
[  5564.407] (II) modeset(0): Modeline "1366x768"x60.0   76.32  1366 1414 1446 1610  768 771 776 790 -hsync -vsync (47.4 kHz eP)
[  5564.407] (II) modeset(0): Modeline "1366x768"x48.0   76.32  1366 1414 1446 2012  768 771 776 790 -hsync -vsync (37.9 kHz e)
[  5564.407] (II) modeset(0): Modeline "1280x720"x120.0  156.12  1280 1376 1512 1744  720 721 724 746 doublescan -hsync +vsync (89.5 kHz d)
[  5564.407] (II) modeset(0): Modeline "1280x720"x120.0  120.75  1280 1304 1320 1360  720 721 724 740 doublescan +hsync -vsync (88.8 kHz d)
[  5564.407] (II) modeset(0): Modeline "1280x720"x59.9   74.50  1280 1344 1472 1664  720 723 728 748 -hsync +vsync (44.8 kHz d)
[  5564.407] (II) modeset(0): Modeline "1280x720"x59.7   63.75  1280 1328 1360 1440  720 723 728 741 +hsync -vsync (44.3 kHz d)
[  5564.407] (II) modeset(0): Modeline "1024x768"x120.1  133.47  1024 1100 1212 1400  768 768 770 794 doublescan -hsync +vsync (95.3 kHz d)
[  5564.407] (II) modeset(0): Modeline "1024x768"x60.0   65.00  1024 1048 1184 1344  768 771 777 806 -hsync -vsync (48.4 kHz d)
[  5564.407] (II) modeset(0): Modeline "960x720"x120.0  117.00  960 1024 1128 1300  720 720 722 750 doublescan -hsync +vsync (90.0 kHz d)
[  5564.407] (II) modeset(0): Modeline "928x696"x120.1  109.15  928 976 1088 1264  696 696 698 719 doublescan -hsync +vsync (86.4 kHz d)
[  5564.407] (II) modeset(0): Modeline "896x672"x120.0  102.40  896 960 1060 1224  672 672 674 697 doublescan -hsync +vsync (83.7 kHz d)
[  5564.407] (II) modeset(0): Modeline "1024x576"x119.9   98.50  1024 1092 1200 1376  576 577 580 597 doublescan -hsync +vsync (71.6 kHz d)
[  5564.407] (II) modeset(0): Modeline "1024x576"x119.9   78.38  1024 1048 1064 1104  576 577 580 592 doublescan +hsync -vsync (71.0 kHz d)
[  5564.407] (II) modeset(0): Modeline "1024x576"x59.9   46.50  1024 1064 1160 1296  576 579 584 599 -hsync +vsync (35.9 kHz d)
[  5564.407] (II) modeset(0): Modeline "1024x576"x59.8   42.00  1024 1072 1104 1184  576 579 584 593 +hsync -vsync (35.5 kHz d)
[  5564.407] (II) modeset(0): Modeline "960x600"x119.9   96.62  960 1028 1128 1296  600 601 604 622 doublescan -hsync +vsync (74.6 kHz d)
[  5564.407] (II) modeset(0): Modeline "960x600"x120.0   77.00  960 984 1000 1040  600 601 604 617 doublescan +hsync -vsync (74.0 kHz d)
[  5564.407] (II) modeset(0): Modeline "960x540"x119.9   86.50  960 1024 1124 1288  540 541 544 560 doublescan -hsync +vsync (67.2 kHz d)
[  5564.407] (II) modeset(0): Modeline "960x540"x120.0   69.25  960 984 1000 1040  540 541 544 555 doublescan +hsync -vsync (66.6 kHz d)
[  5564.407] (II) modeset(0): Modeline "960x540"x59.6   40.75  960 992 1088 1216  540 543 548 562 -hsync +vsync (33.5 kHz d)
[  5564.407] (II) modeset(0): Modeline "960x540"x59.8   37.25  960 1008 1040 1120  540 543 548 556 +hsync -vsync (33.3 kHz d)
[  5564.407] (II) modeset(0): Modeline "800x600"x120.0   81.00  800 832 928 1080  600 600 602 625 doublescan +hsync +vsync (75.0 kHz d)
[  5564.407] (II) modeset(0): Modeline "800x600"x60.3   40.00  800 840 968 1056  600 601 605 628 +hsync +vsync (37.9 kHz d)
[  5564.407] (II) modeset(0): Modeline "800x600"x56.2   36.00  800 824 896 1024  600 601 603 625 +hsync +vsync (35.2 kHz d)
[  5564.407] (II) modeset(0): Modeline "840x525"x120.0   73.12  840 892 980 1120  525 526 529 544 doublescan -hsync +vsync (65.3 kHz d)
[  5564.407] (II) modeset(0): Modeline "840x525"x119.8   59.50  840 864 880 920  525 526 529 540 doublescan +hsync -vsync (64.7 kHz d)
[  5564.407] (II) modeset(0): Modeline "864x486"x59.9   32.50  864 888 968 1072  486 489 494 506 -hsync +vsync (30.3 kHz d)
[  5564.407] (II) modeset(0): Modeline "864x486"x59.6   30.50  864 912 944 1024  486 489 494 500 +hsync -vsync (29.8 kHz d)
[  5564.407] (II) modeset(0): Modeline "700x525"x120.0   61.00  700 744 820 940  525 526 532 541 doublescan +hsync +vsync (64.9 kHz d)
[  5564.407] (II) modeset(0): Modeline "800x450"x119.9   59.12  800 848 928 1056  450 451 454 467 doublescan -hsync +vsync (56.0 kHz d)
[  5564.407] (II) modeset(0): Modeline "800x450"x119.6   48.75  800 824 840 880  450 451 454 463 doublescan +hsync -vsync (55.4 kHz d)
[  5564.407] (II) modeset(0): Modeline "640x512"x120.0   54.00  640 664 720 844  512 512 514 533 doublescan +hsync +vsync (64.0 kHz d)
[  5564.407] (II) modeset(0): Modeline "700x450"x119.9   51.75  700 740 812 924  450 451 456 467 doublescan -hsync +vsync (56.0 kHz d)
[  5564.407] (II) modeset(0): Modeline "700x450"x119.8   43.25  700 724 740 780  450 451 456 463 doublescan +hsync -vsync (55.4 kHz d)
[  5564.407] (II) modeset(0): Modeline "640x480"x120.0   54.00  640 688 744 900  480 480 482 500 doublescan +hsync +vsync (60.0 kHz d)
[  5564.407] (II) modeset(0): Modeline "640x480"x59.9   25.18  640 656 752 800  480 490 492 525 -hsync -vsync (31.5 kHz d)
[  5564.407] (II) modeset(0): Modeline "720x405"x59.5   22.50  720 744 808 896  405 408 413 422 -hsync +vsync (25.1 kHz d)
[  5564.407] (II) modeset(0): Modeline "720x405"x59.0   21.75  720 768 800 880  405 408 413 419 +hsync -vsync (24.7 kHz d)
[  5564.407] (II) modeset(0): Modeline "684x384"x119.8   42.62  684 720 788 892  384 385 390 399 doublescan -hsync +vsync (47.8 kHz d)
[  5564.407] (II) modeset(0): Modeline "684x384"x119.7   36.12  684 708 724 764  384 385 390 395 doublescan +hsync -vsync (47.3 kHz d)
[  5564.407] (II) modeset(0): Modeline "640x400"x119.8   41.75  640 676 740 840  400 401 404 415 doublescan -hsync +vsync (49.7 kHz d)
[  5564.407] (II) modeset(0): Modeline "640x400"x120.0   35.50  640 664 680 720  400 401 404 411 doublescan +hsync -vsync (49.3 kHz d)
[  5564.407] (II) modeset(0): Modeline "640x360"x119.7   37.25  640 672 736 832  360 361 364 374 doublescan -hsync +vsync (44.8 kHz d)
[  5564.407] (II) modeset(0): Modeline "640x360"x119.7   31.88  640 664 680 720  360 361 364 370 doublescan +hsync -vsync (44.3 kHz d)
[  5564.407] (II) modeset(0): Modeline "640x360"x59.8   18.00  640 664 720 800  360 363 368 376 -hsync +vsync (22.5 kHz d)
[  5564.407] (II) modeset(0): Modeline "640x360"x59.3   17.75  640 688 720 800  360 363 368 374 +hsync -vsync (22.2 kHz d)
[  5564.407] (II) modeset(0): Modeline "512x384"x120.0   32.50  512 524 592 672  384 385 388 403 doublescan -hsync -vsync (48.4 kHz d)
[  5564.407] (II) modeset(0): Modeline "512x288"x120.0   23.25  512 532 580 648  288 289 292 299 doublescan -hsync +vsync (35.9 kHz d)
[  5564.407] (II) modeset(0): Modeline "512x288"x119.8   21.00  512 536 552 592  288 289 292 296 doublescan +hsync -vsync (35.5 kHz d)
[  5564.407] (II) modeset(0): Modeline "480x270"x119.3   20.38  480 496 544 608  270 271 274 281 doublescan -hsync +vsync (33.5 kHz d)
[  5564.407] (II) modeset(0): Modeline "480x270"x119.6   18.62  480 504 520 560  270 271 274 278 doublescan +hsync -vsync (33.3 kHz d)
[  5564.407] (II) modeset(0): Modeline "400x300"x120.6   20.00  400 420 484 528  300 300 302 314 doublescan +hsync +vsync (37.9 kHz d)
[  5564.407] (II) modeset(0): Modeline "400x300"x112.7   18.00  400 412 448 512  300 300 301 312 doublescan +hsync +vsync (35.2 kHz d)
[  5564.407] (II) modeset(0): Modeline "432x243"x119.8   16.25  432 444 484 536  243 244 247 253 doublescan -hsync +vsync (30.3 kHz d)
[  5564.407] (II) modeset(0): Modeline "432x243"x119.1   15.25  432 456 472 512  243 244 247 250 doublescan +hsync -vsync (29.8 kHz d)
[  5564.407] (II) modeset(0): Modeline "320x240"x120.1   12.59  320 328 376 400  240 245 246 262 doublescan -hsync -vsync (31.5 kHz d)
[  5564.407] (II) modeset(0): Modeline "360x202"x119.0   11.25  360 372 404 448  202 204 206 211 doublescan -hsync +vsync (25.1 kHz d)
[  5564.407] (II) modeset(0): Modeline "360x202"x118.3   10.88  360 384 400 440  202 204 206 209 doublescan +hsync -vsync (24.7 kHz d)
[  5564.407] (II) modeset(0): Modeline "320x180"x119.7    9.00  320 332 360 400  180 181 184 188 doublescan -hsync +vsync (22.5 kHz d)
[  5564.407] (II) modeset(0): Modeline "320x180"x118.6    8.88  320 344 360 400  180 181 184 187 doublescan +hsync -vsync (22.2 kHz d)
[  5564.409] (II) modeset(0): EDID for output HDMI-1
[  5564.409] (II) modeset(0): Output eDP-1 connected
[  5564.409] (II) modeset(0): Output HDMI-1 disconnected
[  5564.409] (II) modeset(0): Using exact sizes for initial modes
[  5564.409] (II) modeset(0): Output eDP-1 using initial mode 1366x768 +0+0
[  5564.409] (==) modeset(0): Using gamma correction (1.0, 1.0, 1.0)
[  5564.409] (==) modeset(0): DPI set to (96, 96)
[  5564.409] (II) Loading sub module "fb"
[  5564.409] (II) LoadModule: "fb"
[  5564.409] (II) Loading /usr/lib/xorg/modules/libfb.so
[  5564.409] (II) Module fb: vendor="X.Org Foundation"
[  5564.409] 	compiled for 1.20.7, module version = 1.0.0
[  5564.409] 	ABI class: X.Org ANSI C Emulation, version 0.4
[  5564.409] (II) Loading sub module "dri2"
[  5564.409] (II) LoadModule: "dri2"
[  5564.409] (II) Module "dri2" already built-in
[  5564.409] (--) NOUVEAU(G0): Chipset: "NVIDIA NVD7"
[  5564.409] (==) NOUVEAU(G0): Depth 24, (--) framebuffer bpp 32
[  5564.409] (==) NOUVEAU(G0): RGB weight 888
[  5564.409] (==) NOUVEAU(G0): Default visual is TrueColor
[  5564.409] (==) NOUVEAU(G0): Using HW cursor
[  5564.409] (==) NOUVEAU(G0): Allowed maximum DRI level 2.
[  5564.409] (==) NOUVEAU(G0): GLX sync to VBlank enabled.
[  5564.409] (==) NOUVEAU(G0): Page flipping enabled
[  5564.409] (==) NOUVEAU(G0): Swap limit set to 1 [Max allowed 2]
[  5564.409] (==) NOUVEAU(G0): Page flipping synced to vblank by kernel.
[  5564.409] (==) NOUVEAU(G0): Using gamma correction (1.0, 1.0, 1.0)
[  5564.409] (II) NOUVEAU(G0): Virtual size is 1024x768 (pitch 0)
[  5564.409] (**) NOUVEAU(G0):  Mode "1366x768": 84.8 MHz (scaled from 0.0 MHz), 47.7 kHz, 59.8 Hz
[  5564.409] (II) NOUVEAU(G0): Modeline "1366x768"x59.8   84.75  1360 1432 1568 1776  768 771 781 798 -hsync +vsync (47.7 kHz)
[  5564.409] (==) NOUVEAU(G0): DPI set to (96, 96)
[  5564.409] (II) Loading sub module "fb"
[  5564.409] (II) LoadModule: "fb"
[  5564.409] (II) Loading /usr/lib/xorg/modules/libfb.so
[  5564.409] (II) Module fb: vendor="X.Org Foundation"
[  5564.409] 	compiled for 1.20.7, module version = 1.0.0
[  5564.409] 	ABI class: X.Org ANSI C Emulation, version 0.4
[  5564.409] (II) Loading sub module "shadowfb"
[  5564.409] (II) LoadModule: "shadowfb"
[  5564.409] (II) Loading /usr/lib/xorg/modules/libshadowfb.so
[  5564.409] (II) Module shadowfb: vendor="X.Org Foundation"
[  5564.409] 	compiled for 1.20.7, module version = 1.0.0
[  5564.409] 	ABI class: X.Org ANSI C Emulation, version 0.4
[  5564.409] (II) UnloadModule: "vesa"
[  5564.409] (II) Unloading vesa
[  5564.415] (==) modeset(0): Backing store enabled
[  5564.415] (==) modeset(0): Silken mouse disabled
[  5564.484] (II) modeset(0): Initializing kms color map for depth 24, 8 bpc.
[  5564.484] (==) modeset(0): DPMS enabled
[  5564.484] (II) modeset(0): [DRI2] Setup complete
[  5564.484] (II) modeset(0): [DRI2]   DRI driver: i965
[  5564.484] (II) modeset(0): [DRI2]   VDPAU driver: va_gl
[  5564.486] (II) NOUVEAU(G0): Channel setup complete.
[  5564.487] (II) NOUVEAU(G0): [COPY] async initialised.
[  5564.487] (II) NOUVEAU(G0): Hardware support for Present enabled
[  5564.487] (II) NOUVEAU(G0): [DRI2] Setup complete
[  5564.487] (II) NOUVEAU(G0): [DRI2]   DRI driver: nouveau
[  5564.487] (II) NOUVEAU(G0): [DRI2]   VDPAU driver: nouveau
[  5564.487] (II) Loading sub module "exa"
[  5564.487] (II) LoadModule: "exa"
[  5564.487] (II) Loading /usr/lib/xorg/modules/libexa.so
[  5564.487] (II) Module exa: vendor="X.Org Foundation"
[  5564.487] 	compiled for 1.20.7, module version = 2.6.0
[  5564.487] 	ABI class: X.Org Video Driver, version 24.1
[  5564.487] (II) EXA(256): Driver allocated offscreen pixmaps
[  5564.487] (II) EXA(256): Driver registered support for the following operations:
[  5564.487] (II)         Solid
[  5564.487] (II)         Copy
[  5564.487] (II)         Composite (RENDER acceleration)
[  5564.487] (II)         UploadToScreen
[  5564.487] (II)         DownloadFromScreen
[  5564.487] (==) NOUVEAU(G0): Backing store enabled
[  5564.487] (==) NOUVEAU(G0): Silken mouse disabled
[  5564.487] (II) NOUVEAU(G0): [XvMC] Associated with Nouveau GeForce 8/9 Textured Video.
[  5564.488] (II) NOUVEAU(G0): [XvMC] Extension initialized.
[  5564.488] (==) NOUVEAU(G0): DPMS enabled
[  5564.488] (II) Initializing extension Generic Event Extension
[  5564.488] (II) Initializing extension SHAPE
[  5564.488] (II) Initializing extension MIT-SHM
[  5564.488] (II) Initializing extension XInputExtension
[  5564.488] (II) Initializing extension XTEST
[  5564.488] (II) Initializing extension BIG-REQUESTS
[  5564.488] (II) Initializing extension SYNC
[  5564.488] (II) Initializing extension XKEYBOARD
[  5564.488] (II) Initializing extension XC-MISC
[  5564.488] (II) Initializing extension SECURITY
[  5564.488] (II) Initializing extension XFIXES
[  5564.488] (II) Initializing extension RENDER
[  5564.488] (II) Initializing extension RANDR
[  5564.488] (II) Initializing extension COMPOSITE
[  5564.488] (II) Initializing extension DAMAGE
[  5564.488] (II) Initializing extension MIT-SCREEN-SAVER
[  5564.488] (II) Initializing extension DOUBLE-BUFFER
[  5564.488] (II) Initializing extension RECORD
[  5564.488] (II) Initializing extension DPMS
[  5564.488] (II) Initializing extension Present
[  5564.488] (II) Initializing extension DRI3
[  5564.488] (II) Initializing extension X-Resource
[  5564.488] (II) Initializing extension XVideo
[  5564.488] (II) Initializing extension XVideo-MotionCompensation
[  5564.488] (II) Initializing extension GLX
[  5564.496] (II) AIGLX: Loaded and initialized i965
[  5564.496] (II) GLX: Initialized DRI2 GL provider for screen 0
[  5564.496] (II) Initializing extension XFree86-VidModeExtension
[  5564.496] (II) Initializing extension XFree86-DGA
[  5564.496] (II) Initializing extension XFree86-DRI
[  5564.496] (II) Initializing extension DRI2
[  5564.497] (II) NOUVEAU(G0): NVEnterVT is called.
[  5564.499] (II) modeset(0): Damage tracking initialized
[  5564.499] (II) modeset(0): Setting screen physical size to 361 x 203
[  5564.558] (II) config/udev: Adding input device Power Button (/dev/input/event3)
[  5564.558] (**) Power Button: Applying InputClass "libinput keyboard catchall"
[  5564.558] (**) Power Button: Applying InputClass "system-keyboard"
[  5564.558] (II) LoadModule: "libinput"
[  5564.558] (II) Loading /usr/lib/xorg/modules/input/libinput_drv.so
[  5564.559] (II) Module libinput: vendor="X.Org Foundation"
[  5564.559] 	compiled for 1.20.5, module version = 0.29.0
[  5564.559] 	Module class: X.Org XInput Driver
[  5564.559] 	ABI class: X.Org XInput driver, version 24.1
[  5564.559] (II) Using input driver 'libinput' for 'Power Button'
[  5564.560] (II) systemd-logind: got fd for /dev/input/event3 13:67 fd 15 paused 0
[  5564.560] (**) Power Button: always reports core events
[  5564.560] (**) Option "Device" "/dev/input/event3"
[  5564.560] (**) Option "_source" "server/udev"
[  5564.562] (II) event3  - Power Button: is tagged by udev as: Keyboard
[  5564.562] (II) event3  - Power Button: device is a keyboard
[  5564.562] (II) event3  - Power Button: device removed
[  5564.562] (**) Option "config_info" "udev:/sys/devices/LNXSYSTM:00/LNXPWRBN:00/input/input3/event3"
[  5564.562] (II) XINPUT: Adding extended input device "Power Button" (type: KEYBOARD, id 6)
[  5564.562] (**) Option "xkb_layout" "br"
[  5564.580] (II) event3  - Power Button: is tagged by udev as: Keyboard
[  5564.580] (II) event3  - Power Button: device is a keyboard
[  5564.580] (II) config/udev: Adding input device Video Bus (/dev/input/event10)
[  5564.580] (**) Video Bus: Applying InputClass "libinput keyboard catchall"
[  5564.580] (**) Video Bus: Applying InputClass "system-keyboard"
[  5564.580] (II) Using input driver 'libinput' for 'Video Bus'
[  5564.581] (II) systemd-logind: got fd for /dev/input/event10 13:74 fd 18 paused 0
[  5564.581] (**) Video Bus: always reports core events
[  5564.581] (**) Option "Device" "/dev/input/event10"
[  5564.581] (**) Option "_source" "server/udev"
[  5564.582] (II) event10 - Video Bus: is tagged by udev as: Keyboard
[  5564.582] (II) event10 - Video Bus: device is a keyboard
[  5564.582] (II) event10 - Video Bus: device removed
[  5564.582] (**) Option "config_info" "udev:/sys/devices/LNXSYSTM:00/LNXSYBUS:00/PNP0A08:00/LNXVIDEO:01/input/input12/event10"
[  5564.582] (II) XINPUT: Adding extended input device "Video Bus" (type: KEYBOARD, id 7)
[  5564.582] (**) Option "xkb_layout" "br"
[  5564.583] (II) event10 - Video Bus: is tagged by udev as: Keyboard
[  5564.583] (II) event10 - Video Bus: device is a keyboard
[  5564.583] (II) config/udev: Adding input device Video Bus (/dev/input/event9)
[  5564.583] (**) Video Bus: Applying InputClass "libinput keyboard catchall"
[  5564.583] (**) Video Bus: Applying InputClass "system-keyboard"
[  5564.583] (II) Using input driver 'libinput' for 'Video Bus'
[  5564.584] (II) systemd-logind: got fd for /dev/input/event9 13:73 fd 19 paused 0
[  5564.584] (**) Video Bus: always reports core events
[  5564.584] (**) Option "Device" "/dev/input/event9"
[  5564.584] (**) Option "_source" "server/udev"
[  5564.585] (II) event9  - Video Bus: is tagged by udev as: Keyboard
[  5564.585] (II) event9  - Video Bus: device is a keyboard
[  5564.585] (II) event9  - Video Bus: device removed
[  5564.585] (**) Option "config_info" "udev:/sys/devices/LNXSYSTM:00/LNXSYBUS:00/PNP0A08:00/device:08/LNXVIDEO:00/input/input11/event9"
[  5564.585] (II) XINPUT: Adding extended input device "Video Bus" (type: KEYBOARD, id 8)
[  5564.585] (**) Option "xkb_layout" "br"
[  5564.586] (II) event9  - Video Bus: is tagged by udev as: Keyboard
[  5564.586] (II) event9  - Video Bus: device is a keyboard
[  5564.587] (II) config/udev: Adding input device Power Button (/dev/input/event1)
[  5564.587] (**) Power Button: Applying InputClass "libinput keyboard catchall"
[  5564.587] (**) Power Button: Applying InputClass "system-keyboard"
[  5564.587] (II) Using input driver 'libinput' for 'Power Button'
[  5564.587] (II) systemd-logind: got fd for /dev/input/event1 13:65 fd 20 paused 0
[  5564.587] (**) Power Button: always reports core events
[  5564.587] (**) Option "Device" "/dev/input/event1"
[  5564.587] (**) Option "_source" "server/udev"
[  5564.588] (II) event1  - Power Button: is tagged by udev as: Keyboard
[  5564.588] (II) event1  - Power Button: device is a keyboard
[  5564.588] (II) event1  - Power Button: device removed
[  5564.588] (**) Option "config_info" "udev:/sys/devices/LNXSYSTM:00/LNXSYBUS:00/PNP0C0C:00/input/input1/event1"
[  5564.588] (II) XINPUT: Adding extended input device "Power Button" (type: KEYBOARD, id 9)
[  5564.588] (**) Option "xkb_layout" "br"
[  5564.589] (II) event1  - Power Button: is tagged by udev as: Keyboard
[  5564.589] (II) event1  - Power Button: device is a keyboard
[  5564.589] (II) config/udev: Adding input device Lid Switch (/dev/input/event0)
[  5564.589] (II) No input driver specified, ignoring this device.
[  5564.589] (II) This device may have been added with another device file.
[  5564.590] (II) config/udev: Adding input device Sleep Button (/dev/input/event2)
[  5564.590] (**) Sleep Button: Applying InputClass "libinput keyboard catchall"
[  5564.590] (**) Sleep Button: Applying InputClass "system-keyboard"
[  5564.590] (II) Using input driver 'libinput' for 'Sleep Button'
[  5564.590] (II) systemd-logind: got fd for /dev/input/event2 13:66 fd 21 paused 0
[  5564.590] (**) Sleep Button: always reports core events
[  5564.590] (**) Option "Device" "/dev/input/event2"
[  5564.590] (**) Option "_source" "server/udev"
[  5564.591] (II) event2  - Sleep Button: is tagged by udev as: Keyboard
[  5564.591] (II) event2  - Sleep Button: device is a keyboard
[  5564.591] (II) event2  - Sleep Button: device removed
[  5564.591] (**) Option "config_info" "udev:/sys/devices/LNXSYSTM:00/LNXSYBUS:00/PNP0C0E:00/input/input2/event2"
[  5564.591] (II) XINPUT: Adding extended input device "Sleep Button" (type: KEYBOARD, id 10)
[  5564.591] (**) Option "xkb_layout" "br"
[  5564.592] (II) event2  - Sleep Button: is tagged by udev as: Keyboard
[  5564.592] (II) event2  - Sleep Button: device is a keyboard
[  5564.592] (II) config/udev: Adding input device HDA Intel HDMI HDMI/DP,pcm=3 (/dev/input/event13)
[  5564.593] (II) No input driver specified, ignoring this device.
[  5564.593] (II) This device may have been added with another device file.
[  5564.593] (II) config/udev: Adding input device HDA Intel HDMI HDMI/DP,pcm=7 (/dev/input/event14)
[  5564.593] (II) No input driver specified, ignoring this device.
[  5564.593] (II) This device may have been added with another device file.
[  5564.593] (II) config/udev: Adding input device HDA Intel HDMI HDMI/DP,pcm=8 (/dev/input/event15)
[  5564.593] (II) No input driver specified, ignoring this device.
[  5564.593] (II) This device may have been added with another device file.
[  5564.593] (II) config/udev: Adding input device HDA Intel HDMI HDMI/DP,pcm=9 (/dev/input/event16)
[  5564.593] (II) No input driver specified, ignoring this device.
[  5564.593] (II) This device may have been added with another device file.
[  5564.594] (II) config/udev: Adding input device HDA Intel HDMI HDMI/DP,pcm=10 (/dev/input/event17)
[  5564.594] (II) No input driver specified, ignoring this device.
[  5564.594] (II) This device may have been added with another device file.
[  5564.594] (II) config/udev: Adding input device HDA Digital PCBeep (/dev/input/event11)
[  5564.594] (II) No input driver specified, ignoring this device.
[  5564.594] (II) This device may have been added with another device file.
[  5564.594] (II) config/udev: Adding input device HDA Intel PCH Headphone Mic (/dev/input/event12)
[  5564.594] (II) No input driver specified, ignoring this device.
[  5564.594] (II) This device may have been added with another device file.
[  5564.595] (II) config/udev: Adding input device Integrated_Webcam_HD: Integrate (/dev/input/event8)
[  5564.595] (**) Integrated_Webcam_HD: Integrate: Applying InputClass "libinput keyboard catchall"
[  5564.595] (**) Integrated_Webcam_HD: Integrate: Applying InputClass "system-keyboard"
[  5564.595] (II) Using input driver 'libinput' for 'Integrated_Webcam_HD: Integrate'
[  5564.595] (II) systemd-logind: got fd for /dev/input/event8 13:72 fd 22 paused 0
[  5564.595] (**) Integrated_Webcam_HD: Integrate: always reports core events
[  5564.595] (**) Option "Device" "/dev/input/event8"
[  5564.595] (**) Option "_source" "server/udev"
[  5564.597] (II) event8  - Integrated_Webcam_HD: Integrate: is tagged by udev as: Keyboard
[  5564.597] (II) event8  - Integrated_Webcam_HD: Integrate: device is a keyboard
[  5564.597] (II) event8  - Integrated_Webcam_HD: Integrate: device removed
[  5564.597] (**) Option "config_info" "udev:/sys/devices/pci0000:00/0000:00:1d.0/usb1/1-1/1-1.5/1-1.5:1.0/input/input10/event8"
[  5564.597] (II) XINPUT: Adding extended input device "Integrated_Webcam_HD: Integrate" (type: KEYBOARD, id 11)
[  5564.597] (**) Option "xkb_layout" "br"
[  5564.598] (II) event8  - Integrated_Webcam_HD: Integrate: is tagged by udev as: Keyboard
[  5564.598] (II) event8  - Integrated_Webcam_HD: Integrate: device is a keyboard
[  5564.599] (II) config/udev: Adding input device Synaptics s3203 (/dev/input/event7)
[  5564.599] (**) Synaptics s3203: Applying InputClass "libinput touchpad catchall"
[  5564.599] (II) Using input driver 'libinput' for 'Synaptics s3203'
[  5564.599] (II) systemd-logind: got fd for /dev/input/event7 13:71 fd 23 paused 0
[  5564.599] (**) Synaptics s3203: always reports core events
[  5564.599] (**) Option "Device" "/dev/input/event7"
[  5564.599] (**) Option "_source" "server/udev"
[  5564.601] (II) event7  - Synaptics s3203: is tagged by udev as: Touchpad
[  5564.602] (II) event7  - Synaptics s3203: device is a touchpad
[  5564.602] (II) event7  - Synaptics s3203: device removed
[  5564.602] (**) Option "NaturalScrolling" "True"
[  5564.602] (**) Option "config_info" "udev:/sys/devices/pci0000:00/INT33C3:00/i2c-1/i2c-DLL0652:00/0018:06CB:2985.0001/input/input9/event7"
[  5564.602] (II) XINPUT: Adding extended input device "Synaptics s3203" (type: TOUCHPAD, id 12)
[  5564.603] (**) Option "AccelerationScheme" "none"
[  5564.603] (**) Synaptics s3203: (accel) selected scheme none/0
[  5564.603] (**) Synaptics s3203: (accel) acceleration factor: 2.000
[  5564.603] (**) Synaptics s3203: (accel) acceleration threshold: 4
[  5564.604] (II) event7  - Synaptics s3203: is tagged by udev as: Touchpad
[  5564.605] (II) event7  - Synaptics s3203: device is a touchpad
[  5564.606] (II) config/udev: Adding input device Synaptics s3203 (/dev/input/mouse0)
[  5564.606] (II) No input driver specified, ignoring this device.
[  5564.606] (II) This device may have been added with another device file.
[  5564.606] (II) config/udev: Adding input device Dell WMI hotkeys (/dev/input/event6)
[  5564.606] (**) Dell WMI hotkeys: Applying InputClass "libinput keyboard catchall"
[  5564.606] (**) Dell WMI hotkeys: Applying InputClass "system-keyboard"
[  5564.606] (II) Using input driver 'libinput' for 'Dell WMI hotkeys'
[  5564.607] (II) systemd-logind: got fd for /dev/input/event6 13:70 fd 24 paused 0
[  5564.607] (**) Dell WMI hotkeys: always reports core events
[  5564.607] (**) Option "Device" "/dev/input/event6"
[  5564.607] (**) Option "_source" "server/udev"
[  5564.608] (II) event6  - Dell WMI hotkeys: is tagged by udev as: Keyboard
[  5564.608] (II) event6  - Dell WMI hotkeys: device is a keyboard
[  5564.608] (II) event6  - Dell WMI hotkeys: device removed
[  5564.608] (**) Option "config_info" "udev:/sys/devices/platform/PNP0C14:01/wmi_bus/wmi_bus-PNP0C14:01/9DBB5994-A997-11DA-B012-B622A1EF5492/input/input6/event6"
[  5564.608] (II) XINPUT: Adding extended input device "Dell WMI hotkeys" (type: KEYBOARD, id 13)
[  5564.608] (**) Option "xkb_layout" "br"
[  5564.609] (II) event6  - Dell WMI hotkeys: is tagged by udev as: Keyboard
[  5564.609] (II) event6  - Dell WMI hotkeys: device is a keyboard
[  5564.610] (II) config/udev: Adding input device AT Translated Set 2 keyboard (/dev/input/event4)
[  5564.610] (**) AT Translated Set 2 keyboard: Applying InputClass "libinput keyboard catchall"
[  5564.610] (**) AT Translated Set 2 keyboard: Applying InputClass "system-keyboard"
[  5564.610] (II) Using input driver 'libinput' for 'AT Translated Set 2 keyboard'
[  5564.610] (II) systemd-logind: got fd for /dev/input/event4 13:68 fd 25 paused 0
[  5564.610] (**) AT Translated Set 2 keyboard: always reports core events
[  5564.610] (**) Option "Device" "/dev/input/event4"
[  5564.611] (**) Option "_source" "server/udev"
[  5564.612] (II) event4  - AT Translated Set 2 keyboard: is tagged by udev as: Keyboard
[  5564.612] (II) event4  - AT Translated Set 2 keyboard: device is a keyboard
[  5564.612] (II) event4  - AT Translated Set 2 keyboard: device removed
[  5564.612] (**) Option "config_info" "udev:/sys/devices/platform/i8042/serio0/input/input4/event4"
[  5564.612] (II) XINPUT: Adding extended input device "AT Translated Set 2 keyboard" (type: KEYBOARD, id 14)
[  5564.612] (**) Option "xkb_layout" "br"
[  5564.613] (II) event4  - AT Translated Set 2 keyboard: is tagged by udev as: Keyboard
[  5564.613] (II) event4  - AT Translated Set 2 keyboard: device is a keyboard
[  5564.614] (II) config/udev: Adding input device PC Speaker (/dev/input/event5)
[  5564.614] (II) No input driver specified, ignoring this device.
[  5564.614] (II) This device may have been added with another device file.
